<?xml version="1.0" encoding="UTF-8"?>
<!-- Generated by org.testng.reporters.JUnitXMLReporter -->
<testsuite hostname="chenshinandeMacBook-Pro.local" ignored="0" name="test6" tests="3" failures="0" timestamp="17 一月 2019 07:45:04 GMT" time="0.002" errors="0">
  <testcase name="parallelTest1" time="0.0" classname="io.choerodon.testng.testUnit.ParallelTest"/>
  <testcase name="parallelTest2" time="0.0" classname="io.choerodon.testng.testUnit.ParallelTest"/>
  <testcase name="parallelTest3" time="0.001" classname="io.choerodon.testng.testUnit.ParallelTest"/>
</testsuite> <!-- test6 -->
