<?xml version="1.0" encoding="UTF-8"?>
<testsuite xmlns:xsi="http://www.w3.org/2001/XMLSchema-instance" xsi:noNamespaceSchemaLocation="https://maven.apache.org/surefire/maven-surefire-plugin/xsd/surefire-test-report-3.0.xsd" version="3.0" name="TestSuite" time="3.941" tests="23" errors="0" skipped="0" failures="0">
  <properties>
[...]
</properties>
  <testcase name="isEmpty" classname="io.choerodon.testng.testUnit.UnitTest" time="0"/>
  <testcase name="trim" classname="io.choerodon.testng.testUnit.UnitTest" time="0"/>
  <testcase name="userSelf" classname="io.choerodon.testng.testApi.ApiTest" time="0.28"/>
  <testcase name="groupTest1" classname="io.choerodon.testng.testUnit.GroupTest" time="0"/>
  <testcase name="groupTest3" classname="io.choerodon.testng.testUnit.GroupTest" time="0"/>
  <testcase name="dataProviderTest" classname="io.choerodon.testng.testUnit.AnnotationTest" time="0"/>
  <testcase name="dataProviderTest" classname="io.choerodon.testng.testUnit.AnnotationTest" time="0"/>
  <testcase name="dataProviderTest" classname="io.choerodon.testng.testUnit.AnnotationTest" time="0"/>
  <testcase name="dataProviderTest" classname="io.choerodon.testng.testUnit.AnnotationTest" time="0"/>
  <testcase name="dependsOnMethodsTest" classname="io.choerodon.testng.testUnit.AnnotationTest" time="0"/>
  <testcase name="testServer" classname="io.choerodon.testng.testUnit.FactoryTestIntance" time="0.001"/>
  <testcase name="testServer" classname="io.choerodon.testng.testUnit.FactoryTestIntance" time="0"/>
  <testcase name="testServer" classname="io.choerodon.testng.testUnit.FactoryTestIntance" time="0"/>
  <testcase name="testServer" classname="io.choerodon.testng.testUnit.FactoryTestIntance" time="0"/>
  <testcase name="testServer" classname="io.choerodon.testng.testUnit.FactoryTestIntance" time="0"/>
  <testcase name="testServer" classname="io.choerodon.testng.testUnit.FactoryTestIntance" time="0"/>
  <testcase name="testServer" classname="io.choerodon.testng.testUnit.FactoryTestIntance" time="0"/>
  <testcase name="testServer" classname="io.choerodon.testng.testUnit.FactoryTestIntance" time="0"/>
  <testcase name="testServer" classname="io.choerodon.testng.testUnit.FactoryTestIntance" time="0"/>
  <testcase name="testServer" classname="io.choerodon.testng.testUnit.FactoryTestIntance" time="0"/>
  <testcase name="parallelTest2" classname="io.choerodon.testng.testUnit.ParallelTest" time="0"/>
  <testcase name="parallelTest3" classname="io.choerodon.testng.testUnit.ParallelTest" time="0"/>
  <testcase name="parallelTest1" classname="io.choerodon.testng.testUnit.ParallelTest" time="0"/>
</testsuite>