<?xml version="1.0" encoding="UTF-8"?>
<!-- Generated by org.testng.reporters.JUnitXMLReporter -->
<testsuite hostname="chenshinandeMacBook-Pro.local" ignored="0" name="test5" tests="10" failures="0" timestamp="17 一月 2019 08:32:36 GMT" time="0.003" errors="0">
  <testcase name="testServer" time="0.0" classname="io.choerodon.testng.testUnit.FactoryTestIntance"/>
  <testcase name="testServer" time="0.0" classname="io.choerodon.testng.testUnit.FactoryTestIntance"/>
  <testcase name="testServer" time="0.0" classname="io.choerodon.testng.testUnit.FactoryTestIntance"/>
  <testcase name="testServer" time="0.0" classname="io.choerodon.testng.testUnit.FactoryTestIntance"/>
  <testcase name="testServer" time="0.0" classname="io.choerodon.testng.testUnit.FactoryTestIntance"/>
  <testcase name="testServer" time="0.0" classname="io.choerodon.testng.testUnit.FactoryTestIntance"/>
  <testcase name="testServer" time="0.0" classname="io.choerodon.testng.testUnit.FactoryTestIntance"/>
  <testcase name="testServer" time="0.0" classname="io.choerodon.testng.testUnit.FactoryTestIntance"/>
  <testcase name="testServer" time="0.0" classname="io.choerodon.testng.testUnit.FactoryTestIntance"/>
  <testcase name="testServer" time="0.0" classname="io.choerodon.testng.testUnit.FactoryTestIntance"/>
</testsuite> <!-- test5 -->
