<?xml version="1.0" encoding="UTF-8"?>
<!-- Generated by org.testng.reporters.JUnitXMLReporter -->
<testsuite hostname="chenshinandeMacBook-Pro.local" ignored="1" name="test3" tests="2" failures="0" timestamp="17 一月 2019 03:22:30 GMT" time="0.002" errors="0">
  <testcase name="groupTest1" time="0.0" classname="io.choerodon.testng.testUnit.GroupTest"/>
  <testcase name="groupTest3" time="0.0" classname="io.choerodon.testng.testUnit.GroupTest"/>
  <testcase name="groupTest2" time="0.0" classname="io.choerodon.testng.testUnit.GroupTest">
    <ignored/>
  </testcase> <!-- groupTest2 -->
</testsuite> <!-- test3 -->
