<?xml version="1.0" encoding="UTF-8"?>
<!-- Generated by org.testng.reporters.JUnitXMLReporter -->
<testsuite hostname="chenshinandeMacBook-Pro.local" ignored="0" name="test2" tests="1" failures="1" timestamp="17 一月 2019 03:22:29 GMT" time="0.0" errors="0">
  <testcase name="userSelf" time="0.0" classname="io.choerodon.testng.testApi.ApiTest">
    <failure type="java.lang.NullPointerException">
      <![CDATA[java.lang.NullPointerException
	at io.choerodon.testng.testApi.ApiTest.userSelf(ApiTest.java:25)
	at io.choerodon.TestNgApplication.main(TestNgApplication.java:22)
	at org.springframework.boot.maven.AbstractRunMojo$LaunchRunner.run(AbstractRunMojo.java:496)
	at java.lang.Thread.run(Thread.java:748)
... Removed 26 stack frames]]>
    </failure>
  </testcase> <!-- userSelf -->
</testsuite> <!-- test2 -->
