<?xml version="1.0" encoding="UTF-8"?>
<!-- Generated by org.testng.reporters.JUnitXMLReporter -->
<testsuite hostname="chenshinandeMacBook-Pro.local" ignored="0" name="test4" tests="5" failures="0" timestamp="17 一月 2019 06:18:51 GMT" time="0.005" errors="0">
  <testcase name="dataProviderTest" time="0.0" classname="io.choerodon.testng.testUnit.AnnotationTest"/>
  <testcase name="dataProviderTest" time="0.0" classname="io.choerodon.testng.testUnit.AnnotationTest"/>
  <testcase name="dataProviderTest" time="0.0" classname="io.choerodon.testng.testUnit.AnnotationTest"/>
  <testcase name="dataProviderTest" time="0.0" classname="io.choerodon.testng.testUnit.AnnotationTest"/>
  <testcase name="dependsOnMethodsTest" time="0.0" classname="io.choerodon.testng.testUnit.AnnotationTest"/>
</testsuite> <!-- test4 -->
