<?xml version="1.0" encoding="UTF-8"?>
<!-- Generated by org.testng.reporters.JUnitXMLReporter -->
<testsuite hostname="chenshinandeMacBook-Pro.local" ignored="0" name="test2" tests="1" failures="1" timestamp="17 一月 2019 08:32:36 GMT" time="0.002" errors="0">
  <testcase name="userSelf" time="0.0" classname="io.choerodon.testng.testApi.ApiTest">
    <failure type="java.lang.NullPointerException">
      <![CDATA[java.lang.NullPointerException
	at io.choerodon.testng.testApi.ApiTest.userSelf(ApiTest.java:25)
	at io.choerodon.TestNgApplication.main(TestNgApplication.java:29)
	at org.springframework.boot.loader.MainMethodRunner.run(MainMethodRunner.java:48)
	at org.springframework.boot.loader.Launcher.launch(Launcher.java:87)
	at org.springframework.boot.loader.Launcher.launch(Launcher.java:50)
	at org.springframework.boot.loader.JarLauncher.main(JarLauncher.java:51)
... Removed 27 stack frames]]>
    </failure>
  </testcase> <!-- userSelf -->
</testsuite> <!-- test2 -->
