<?xml version="1.0" encoding="UTF-8"?>
<testng-results skipped="0" failed="0" ignored="0" total="3" passed="3">
  <reporter-output>
    <line>
      <![CDATA[/Users/chenshinan/work/java/handspace/choerodon/choerodon-testng-template/app-tests.jar]]>
    </line>
    <line>
      <![CDATA[Parse profile.....]]>
    </line>
    <line>
      <![CDATA[TestConfigure{username='AutomationTestUser', password='123456', apiGateway='http://api.staging.saas.hand-china.com', domainUri='http://service.choerodon.staging.saas.hand-china.com'}]]>
    </line>
    <line>
      <![CDATA[Start login.....]]>
    </line>
    <line>
      <![CDATA[Get cookie successfully：dafb3c24-cf8e-4cb7-9584-cf5b9ef9b7be]]>
    </line>
    <line>
      <![CDATA[Token token success：bearer 87e0586b-67b0-429e-b2a9-70d9c74227ee]]>
    </line>
    <line>
      <![CDATA[Login authentication successful]]>
    </line>
    <line>
      <![CDATA[{"wikiRelationList":[],"wikiHost":"http://xwiki.staging.saas.hand-china.com"}]]>
    </line>
    <line>
      <![CDATA[{"wikiRelationList":[],"wikiHost":"http://xwiki.staging.saas.hand-china.com"}]]>
    </line>
  </reporter-output>
  <suite name="suite2" duration-ms="557" started-at="2019-01-21T01:44:38Z" finished-at="2019-01-21T01:44:38Z">
    <groups>
    </groups>
    <test name="testConfigure2" duration-ms="557" started-at="2019-01-21T01:44:38Z" finished-at="2019-01-21T01:44:38Z">
      <class name="io.choerodon.testng.test.ApiTest">
        <test-method status="PASS" signature="beforeClass()[pri:0, instance:io.choerodon.testng.test.ApiTest@47fd17e3]" name="beforeClass" is-config="true" duration-ms="0" started-at="2019-01-21T01:44:38Z" finished-at="2019-01-21T01:44:38Z">
          <reporter-output>
          </reporter-output>
        </test-method> <!-- beforeClass -->
        <test-method status="PASS" signature="queryWiki()[pri:0, instance:io.choerodon.testng.test.ApiTest@47fd17e3]" name="queryWiki" duration-ms="556" started-at="2019-01-21T01:44:38Z" description="查询Wiki" finished-at="2019-01-21T01:44:38Z">
          <reporter-output>
            <line>
              <![CDATA[{"wikiRelationList":[],"wikiHost":"http://xwiki.staging.saas.hand-china.com"}]]>
            </line>
          </reporter-output>
        </test-method> <!-- queryWiki -->
      </class> <!-- io.choerodon.testng.test.ApiTest -->
    </test> <!-- testConfigure2 -->
  </suite> <!-- suite2 -->
  <suite name="suite1" duration-ms="4040" started-at="2019-01-21T01:44:34Z" finished-at="2019-01-21T01:44:38Z">
    <groups>
    </groups>
    <test name="testConfigure1" duration-ms="4040" started-at="2019-01-21T01:44:34Z" finished-at="2019-01-21T01:44:38Z">
      <class name="io.choerodon.testng.test.ApiTest">
        <test-method status="PASS" signature="beforeClass()[pri:0, instance:io.choerodon.testng.test.ApiTest@1ff8b8f]" name="beforeClass" is-config="true" duration-ms="2704" started-at="2019-01-21T01:44:34Z" finished-at="2019-01-21T01:44:36Z">
          <reporter-output>
            <line>
              <![CDATA[Parse profile.....]]>
            </line>
            <line>
              <![CDATA[TestConfigure{username='AutomationTestUser', password='123456', apiGateway='http://api.staging.saas.hand-china.com', domainUri='http://service.choerodon.staging.saas.hand-china.com'}]]>
            </line>
            <line>
              <![CDATA[Start login.....]]>
            </line>
            <line>
              <![CDATA[Get cookie successfully：dafb3c24-cf8e-4cb7-9584-cf5b9ef9b7be]]>
            </line>
            <line>
              <![CDATA[Token token success：bearer 87e0586b-67b0-429e-b2a9-70d9c74227ee]]>
            </line>
            <line>
              <![CDATA[Login authentication successful]]>
            </line>
          </reporter-output>
        </test-method> <!-- beforeClass -->
        <test-method status="PASS" signature="queryWiki()[pri:0, instance:io.choerodon.testng.test.ApiTest@1ff8b8f]" name="queryWiki" duration-ms="782" started-at="2019-01-21T01:44:36Z" description="查询Wiki" finished-at="2019-01-21T01:44:37Z">
          <reporter-output>
            <line>
              <![CDATA[{"wikiRelationList":[],"wikiHost":"http://xwiki.staging.saas.hand-china.com"}]]>
            </line>
          </reporter-output>
        </test-method> <!-- queryWiki -->
      </class> <!-- io.choerodon.testng.test.ApiTest -->
      <class name="io.choerodon.testng.test.ApiTest2">
        <test-method status="PASS" signature="querySelf()[pri:0, instance:io.choerodon.testng.test.ApiTest2@387c703b]" name="querySelf" duration-ms="544" started-at="2019-01-21T01:44:37Z" description="登录后查询用户" finished-at="2019-01-21T01:44:38Z">
          <reporter-output>
          </reporter-output>
        </test-method> <!-- querySelf -->
        <test-method status="PASS" signature="beforeClass()[pri:0, instance:io.choerodon.testng.test.ApiTest2@387c703b]" name="beforeClass" is-config="true" duration-ms="0" started-at="2019-01-21T01:44:37Z" finished-at="2019-01-21T01:44:37Z">
          <reporter-output>
          </reporter-output>
        </test-method> <!-- beforeClass -->
      </class> <!-- io.choerodon.testng.test.ApiTest2 -->
    </test> <!-- testConfigure1 -->
  </suite> <!-- suite1 -->
  <suite name="-" duration-ms="0" started-at="2019-01-21T01:44:38Z" finished-at="2019-01-21T01:44:38Z">
    <groups>
    </groups>
  </suite> <!-- - -->
</testng-results>
