<?xml version="1.0" encoding="UTF-8"?>
<testng-results skipped="0" failed="0" ignored="0" total="4" passed="4">
  <reporter-output>
    <line>
      <![CDATA[/Users/chenshinan/work/java/handspace/choerodon/choerodon-testng-template/app-tests.jar]]>
    </line>
    <line>
      <![CDATA[Parse profile.....]]>
    </line>
    <line>
      <![CDATA[TestConfigure{username='AutomationTestUser', password='123456', apiGateway='http://api.staging.saas.hand-china.com', domainUri='http://service.choerodon.staging.saas.hand-china.com'}]]>
    </line>
    <line>
      <![CDATA[Start login.....]]>
    </line>
    <line>
      <![CDATA[Get cookie successfully：3abb35e6-cac6-4b98-9ecd-1ab28cc3f401]]>
    </line>
    <line>
      <![CDATA[Token token success：bearer d4d033d1-1ccf-4263-b380-4c352605c927]]>
    </line>
    <line>
      <![CDATA[Login authentication successful]]>
    </line>
    <line>
      <![CDATA[{"wikiRelationList":[],"wikiHost":"http://xwiki.staging.saas.hand-china.com"}]]>
    </line>
    <line>
      <![CDATA[{"wikiRelationList":[],"wikiHost":"http://xwiki.staging.saas.hand-china.com"}]]>
    </line>
    <line>
      <![CDATA[{"wikiRelationList":[],"wikiHost":"http://xwiki.staging.saas.hand-china.com"}]]>
    </line>
    <line>
      <![CDATA[{"wikiRelationList":[],"wikiHost":"http://xwiki.staging.saas.hand-china.com"}]]>
    </line>
  </reporter-output>
  <suite name="suite2" duration-ms="905" started-at="2019-01-18T09:37:27Z" finished-at="2019-01-18T09:37:27Z">
    <groups>
    </groups>
    <test name="testConfigure2" duration-ms="905" started-at="2019-01-18T09:37:27Z" finished-at="2019-01-18T09:37:27Z">
      <class name="io.choerodon.testng.test.ApiTest">
        <test-method status="PASS" signature="beforeClass()[pri:0, instance:io.choerodon.testng.test.ApiTest@3aa9e816]" name="beforeClass" is-config="true" duration-ms="0" started-at="2019-01-18T09:37:27Z" finished-at="2019-01-18T09:37:27Z">
          <reporter-output>
          </reporter-output>
        </test-method> <!-- beforeClass -->
        <test-method status="PASS" signature="setUp()[pri:0, instance:io.choerodon.testng.test.ApiTest@3aa9e816]" name="setUp" is-config="true" duration-ms="0" started-at="2019-01-18T09:37:27Z" finished-at="2019-01-18T09:37:27Z">
          <reporter-output>
          </reporter-output>
        </test-method> <!-- setUp -->
        <test-method status="PASS" signature="queryWiki()[pri:0, instance:io.choerodon.testng.test.ApiTest@3aa9e816]" name="queryWiki" duration-ms="491" started-at="2019-01-18T09:37:27Z" description="查询Wiki" finished-at="2019-01-18T09:37:27Z">
          <reporter-output>
            <line>
              <![CDATA[{"wikiRelationList":[],"wikiHost":"http://xwiki.staging.saas.hand-china.com"}]]>
            </line>
          </reporter-output>
        </test-method> <!-- queryWiki -->
        <test-method status="PASS" signature="queryOther()[pri:0, instance:io.choerodon.testng.test.ApiTest@3aa9e816]" name="queryOther" duration-ms="413" started-at="2019-01-18T09:37:27Z" description="查询Wiki" finished-at="2019-01-18T09:37:27Z">
          <reporter-output>
            <line>
              <![CDATA[{"wikiRelationList":[],"wikiHost":"http://xwiki.staging.saas.hand-china.com"}]]>
            </line>
          </reporter-output>
        </test-method> <!-- queryOther -->
      </class> <!-- io.choerodon.testng.test.ApiTest -->
    </test> <!-- testConfigure2 -->
  </suite> <!-- suite2 -->
  <suite name="suite1" duration-ms="4533" started-at="2019-01-18T09:37:22Z" finished-at="2019-01-18T09:37:26Z">
    <groups>
    </groups>
    <test name="testConfigure1" duration-ms="4533" started-at="2019-01-18T09:37:22Z" finished-at="2019-01-18T09:37:26Z">
      <class name="io.choerodon.testng.test.ApiTest">
        <test-method status="PASS" signature="beforeClass()[pri:0, instance:io.choerodon.testng.test.ApiTest@224aed64]" name="beforeClass" is-config="true" duration-ms="3292" started-at="2019-01-18T09:37:22Z" finished-at="2019-01-18T09:37:25Z">
          <reporter-output>
            <line>
              <![CDATA[Parse profile.....]]>
            </line>
            <line>
              <![CDATA[TestConfigure{username='AutomationTestUser', password='123456', apiGateway='http://api.staging.saas.hand-china.com', domainUri='http://service.choerodon.staging.saas.hand-china.com'}]]>
            </line>
            <line>
              <![CDATA[Start login.....]]>
            </line>
            <line>
              <![CDATA[Get cookie successfully：3abb35e6-cac6-4b98-9ecd-1ab28cc3f401]]>
            </line>
            <line>
              <![CDATA[Token token success：bearer d4d033d1-1ccf-4263-b380-4c352605c927]]>
            </line>
            <line>
              <![CDATA[Login authentication successful]]>
            </line>
          </reporter-output>
        </test-method> <!-- beforeClass -->
        <test-method status="PASS" signature="setUp()[pri:0, instance:io.choerodon.testng.test.ApiTest@224aed64]" name="setUp" is-config="true" duration-ms="0" started-at="2019-01-18T09:37:25Z" finished-at="2019-01-18T09:37:25Z">
          <reporter-output>
          </reporter-output>
        </test-method> <!-- setUp -->
        <test-method status="PASS" signature="queryWiki()[pri:0, instance:io.choerodon.testng.test.ApiTest@224aed64]" name="queryWiki" duration-ms="775" started-at="2019-01-18T09:37:25Z" description="查询Wiki" finished-at="2019-01-18T09:37:26Z">
          <reporter-output>
            <line>
              <![CDATA[{"wikiRelationList":[],"wikiHost":"http://xwiki.staging.saas.hand-china.com"}]]>
            </line>
          </reporter-output>
        </test-method> <!-- queryWiki -->
        <test-method status="PASS" signature="queryOther()[pri:0, instance:io.choerodon.testng.test.ApiTest@224aed64]" name="queryOther" duration-ms="455" started-at="2019-01-18T09:37:26Z" description="查询Wiki" finished-at="2019-01-18T09:37:26Z">
          <reporter-output>
            <line>
              <![CDATA[{"wikiRelationList":[],"wikiHost":"http://xwiki.staging.saas.hand-china.com"}]]>
            </line>
          </reporter-output>
        </test-method> <!-- queryOther -->
      </class> <!-- io.choerodon.testng.test.ApiTest -->
    </test> <!-- testConfigure1 -->
  </suite> <!-- suite1 -->
  <suite name="-" duration-ms="0" started-at="2019-01-18T09:37:27Z" finished-at="2019-01-18T09:37:27Z">
    <groups>
    </groups>
  </suite> <!-- - -->
</testng-results>
