<?xml version="1.0" encoding="UTF-8"?>
<testng-results skipped="0" failed="1" ignored="1" total="24" passed="22">
  <reporter-output>
    <line>
      <![CDATA[输入参数：1]]>
    </line>
  </reporter-output>
  <suite name="suite2" duration-ms="21" started-at="2019-01-17T08:32:36Z" finished-at="2019-01-17T08:32:36Z">
    <groups>
    </groups>
    <test name="test4" duration-ms="10" started-at="2019-01-17T08:32:36Z" finished-at="2019-01-17T08:32:36Z">
      <class name="io.choerodon.testng.testUnit.AnnotationTest">
        <test-method status="PASS" signature="beforeTest()[pri:0, instance:io.choerodon.testng.testUnit.AnnotationTest@351d0846]" name="beforeTest" is-config="true" duration-ms="1" started-at="2019-01-17T16:32:36Z" finished-at="2019-01-17T16:32:36Z">
          <reporter-output>
          </reporter-output>
        </test-method> <!-- beforeTest -->
        <test-method status="PASS" signature="beforeClassTest()[pri:0, instance:io.choerodon.testng.testUnit.AnnotationTest@351d0846]" name="beforeClassTest" is-config="true" duration-ms="0" started-at="2019-01-17T16:32:36Z" finished-at="2019-01-17T16:32:36Z">
          <reporter-output>
          </reporter-output>
        </test-method> <!-- beforeClassTest -->
        <test-method status="PASS" signature="dataProviderTest(java.lang.String, java.lang.Integer)[pri:0, instance:io.choerodon.testng.testUnit.AnnotationTest@351d0846]" name="dataProviderTest" duration-ms="0" started-at="2019-01-17T16:32:36Z" data-provider="dataProvider" finished-at="2019-01-17T16:32:36Z">
          <params>
            <param index="0">
              <value>
                <![CDATA[Cedric]]>
              </value>
            </param>
            <param index="1">
              <value>
                <![CDATA[36]]>
              </value>
            </param>
          </params>
          <reporter-output>
          </reporter-output>
        </test-method> <!-- dataProviderTest -->
        <test-method status="PASS" signature="beforeMethodTest()[pri:0, instance:io.choerodon.testng.testUnit.AnnotationTest@351d0846]" name="beforeMethodTest" is-config="true" duration-ms="0" started-at="2019-01-17T16:32:36Z" finished-at="2019-01-17T16:32:36Z">
          <reporter-output>
          </reporter-output>
        </test-method> <!-- beforeMethodTest -->
        <test-method status="PASS" signature="beforeMethodTest()[pri:0, instance:io.choerodon.testng.testUnit.AnnotationTest@351d0846]" name="beforeMethodTest" is-config="true" duration-ms="0" started-at="2019-01-17T16:32:36Z" finished-at="2019-01-17T16:32:36Z">
          <reporter-output>
          </reporter-output>
        </test-method> <!-- beforeMethodTest -->
        <test-method status="PASS" signature="dataProviderTest(java.lang.String, java.lang.Integer)[pri:0, instance:io.choerodon.testng.testUnit.AnnotationTest@351d0846]" name="dataProviderTest" duration-ms="0" started-at="2019-01-17T16:32:36Z" data-provider="dataProvider" finished-at="2019-01-17T16:32:36Z">
          <params>
            <param index="0">
              <value>
                <![CDATA[Anne]]>
              </value>
            </param>
            <param index="1">
              <value>
                <![CDATA[37]]>
              </value>
            </param>
          </params>
          <reporter-output>
          </reporter-output>
        </test-method> <!-- dataProviderTest -->
        <test-method status="PASS" signature="afterMethodTest()[pri:0, instance:io.choerodon.testng.testUnit.AnnotationTest@351d0846]" name="afterMethodTest" is-config="true" duration-ms="0" started-at="2019-01-17T16:32:36Z" finished-at="2019-01-17T16:32:36Z">
          <reporter-output>
          </reporter-output>
        </test-method> <!-- afterMethodTest -->
        <test-method status="PASS" signature="dataProviderTest(java.lang.String, java.lang.Integer)[pri:0, instance:io.choerodon.testng.testUnit.AnnotationTest@351d0846]" name="dataProviderTest" duration-ms="0" started-at="2019-01-17T16:32:36Z" data-provider="dataProvider" finished-at="2019-01-17T16:32:36Z">
          <params>
            <param index="0">
              <value>
                <![CDATA[Chen]]>
              </value>
            </param>
            <param index="1">
              <value>
                <![CDATA[25]]>
              </value>
            </param>
          </params>
          <reporter-output>
          </reporter-output>
        </test-method> <!-- dataProviderTest -->
        <test-method status="PASS" signature="beforeMethodTest()[pri:0, instance:io.choerodon.testng.testUnit.AnnotationTest@351d0846]" name="beforeMethodTest" is-config="true" duration-ms="0" started-at="2019-01-17T16:32:36Z" finished-at="2019-01-17T16:32:36Z">
          <reporter-output>
          </reporter-output>
        </test-method> <!-- beforeMethodTest -->
        <test-method status="PASS" signature="afterMethodTest()[pri:0, instance:io.choerodon.testng.testUnit.AnnotationTest@351d0846]" name="afterMethodTest" is-config="true" duration-ms="0" started-at="2019-01-17T16:32:36Z" finished-at="2019-01-17T16:32:36Z">
          <reporter-output>
          </reporter-output>
        </test-method> <!-- afterMethodTest -->
        <test-method status="PASS" signature="afterMethodTest()[pri:0, instance:io.choerodon.testng.testUnit.AnnotationTest@351d0846]" name="afterMethodTest" is-config="true" duration-ms="0" started-at="2019-01-17T16:32:36Z" finished-at="2019-01-17T16:32:36Z">
          <reporter-output>
          </reporter-output>
        </test-method> <!-- afterMethodTest -->
        <test-method status="PASS" signature="afterMethodTest()[pri:0, instance:io.choerodon.testng.testUnit.AnnotationTest@351d0846]" name="afterMethodTest" is-config="true" duration-ms="0" started-at="2019-01-17T16:32:36Z" finished-at="2019-01-17T16:32:36Z">
          <reporter-output>
          </reporter-output>
        </test-method> <!-- afterMethodTest -->
        <test-method status="PASS" signature="dataProviderTest(java.lang.String, java.lang.Integer)[pri:0, instance:io.choerodon.testng.testUnit.AnnotationTest@351d0846]" name="dataProviderTest" duration-ms="0" started-at="2019-01-17T16:32:36Z" data-provider="dataProvider" finished-at="2019-01-17T16:32:36Z">
          <params>
            <param index="0">
              <value>
                <![CDATA[Jay]]>
              </value>
            </param>
            <param index="1">
              <value>
                <![CDATA[30]]>
              </value>
            </param>
          </params>
          <reporter-output>
          </reporter-output>
        </test-method> <!-- dataProviderTest -->
        <test-method status="PASS" signature="beforeMethodTest()[pri:0, instance:io.choerodon.testng.testUnit.AnnotationTest@351d0846]" name="beforeMethodTest" is-config="true" duration-ms="0" started-at="2019-01-17T16:32:36Z" finished-at="2019-01-17T16:32:36Z">
          <reporter-output>
          </reporter-output>
        </test-method> <!-- beforeMethodTest -->
        <test-method status="PASS" signature="beforeMethodTest()[pri:0, instance:io.choerodon.testng.testUnit.AnnotationTest@351d0846]" name="beforeMethodTest" is-config="true" duration-ms="0" started-at="2019-01-17T16:32:36Z" finished-at="2019-01-17T16:32:36Z">
          <reporter-output>
          </reporter-output>
        </test-method> <!-- beforeMethodTest -->
        <test-method status="PASS" signature="dependsOnMethodsTest()[pri:0, instance:io.choerodon.testng.testUnit.AnnotationTest@351d0846]" name="dependsOnMethodsTest" duration-ms="0" started-at="2019-01-17T16:32:36Z" depends-on-methods="io.choerodon.testng.testUnit.AnnotationTest.dataProviderTest" finished-at="2019-01-17T16:32:36Z">
          <reporter-output>
          </reporter-output>
        </test-method> <!-- dependsOnMethodsTest -->
        <test-method status="PASS" signature="afterClassTest()[pri:0, instance:io.choerodon.testng.testUnit.AnnotationTest@351d0846]" name="afterClassTest" is-config="true" duration-ms="0" started-at="2019-01-17T16:32:36Z" finished-at="2019-01-17T16:32:36Z">
          <reporter-output>
          </reporter-output>
        </test-method> <!-- afterClassTest -->
        <test-method status="PASS" signature="afterTest()[pri:0, instance:io.choerodon.testng.testUnit.AnnotationTest@351d0846]" name="afterTest" is-config="true" duration-ms="0" started-at="2019-01-17T16:32:36Z" finished-at="2019-01-17T16:32:36Z">
          <reporter-output>
          </reporter-output>
        </test-method> <!-- afterTest -->
        <test-method status="PASS" signature="afterMethodTest()[pri:0, instance:io.choerodon.testng.testUnit.AnnotationTest@351d0846]" name="afterMethodTest" is-config="true" duration-ms="0" started-at="2019-01-17T16:32:36Z" finished-at="2019-01-17T16:32:36Z">
          <reporter-output>
          </reporter-output>
        </test-method> <!-- afterMethodTest -->
      </class> <!-- io.choerodon.testng.testUnit.AnnotationTest -->
    </test> <!-- test4 -->
    <test name="test5" duration-ms="3" started-at="2019-01-17T08:32:36Z" finished-at="2019-01-17T08:32:36Z">
      <class name="io.choerodon.testng.testUnit.FactoryTestIntance">
        <test-method status="PASS" signature="testServer()[pri:0, instance:io.choerodon.testng.testUnit.FactoryTestIntance@18a70f16]" name="testServer" duration-ms="0" started-at="2019-01-17T16:32:36Z" finished-at="2019-01-17T16:32:36Z">
          <reporter-output>
          </reporter-output>
        </test-method> <!-- testServer -->
        <test-method status="PASS" signature="testServer()[pri:0, instance:io.choerodon.testng.testUnit.FactoryTestIntance@176d53b2]" name="testServer" duration-ms="0" started-at="2019-01-17T16:32:36Z" finished-at="2019-01-17T16:32:36Z">
          <reporter-output>
          </reporter-output>
        </test-method> <!-- testServer -->
        <test-method status="PASS" signature="testServer()[pri:0, instance:io.choerodon.testng.testUnit.FactoryTestIntance@3b2c72c2]" name="testServer" duration-ms="0" started-at="2019-01-17T16:32:36Z" finished-at="2019-01-17T16:32:36Z">
          <reporter-output>
          </reporter-output>
        </test-method> <!-- testServer -->
        <test-method status="PASS" signature="testServer()[pri:0, instance:io.choerodon.testng.testUnit.FactoryTestIntance@491666ad]" name="testServer" duration-ms="0" started-at="2019-01-17T16:32:36Z" finished-at="2019-01-17T16:32:36Z">
          <reporter-output>
          </reporter-output>
        </test-method> <!-- testServer -->
        <test-method status="PASS" signature="testServer()[pri:0, instance:io.choerodon.testng.testUnit.FactoryTestIntance@2b4a2ec7]" name="testServer" duration-ms="0" started-at="2019-01-17T16:32:36Z" finished-at="2019-01-17T16:32:36Z">
          <reporter-output>
          </reporter-output>
        </test-method> <!-- testServer -->
        <test-method status="PASS" signature="testServer()[pri:0, instance:io.choerodon.testng.testUnit.FactoryTestIntance@4f9a3314]" name="testServer" duration-ms="0" started-at="2019-01-17T16:32:36Z" finished-at="2019-01-17T16:32:36Z">
          <reporter-output>
          </reporter-output>
        </test-method> <!-- testServer -->
        <test-method status="PASS" signature="testServer()[pri:0, instance:io.choerodon.testng.testUnit.FactoryTestIntance@51b7e5df]" name="testServer" duration-ms="0" started-at="2019-01-17T16:32:36Z" finished-at="2019-01-17T16:32:36Z">
          <reporter-output>
          </reporter-output>
        </test-method> <!-- testServer -->
        <test-method status="PASS" signature="testServer()[pri:0, instance:io.choerodon.testng.testUnit.FactoryTestIntance@564718df]" name="testServer" duration-ms="0" started-at="2019-01-17T16:32:36Z" finished-at="2019-01-17T16:32:36Z">
          <reporter-output>
          </reporter-output>
        </test-method> <!-- testServer -->
        <test-method status="PASS" signature="testServer()[pri:0, instance:io.choerodon.testng.testUnit.FactoryTestIntance@51931956]" name="testServer" duration-ms="0" started-at="2019-01-17T16:32:36Z" finished-at="2019-01-17T16:32:36Z">
          <reporter-output>
          </reporter-output>
        </test-method> <!-- testServer -->
        <test-method status="PASS" signature="testServer()[pri:0, instance:io.choerodon.testng.testUnit.FactoryTestIntance@971d0d8]" name="testServer" duration-ms="0" started-at="2019-01-17T16:32:36Z" finished-at="2019-01-17T16:32:36Z">
          <reporter-output>
          </reporter-output>
        </test-method> <!-- testServer -->
      </class> <!-- io.choerodon.testng.testUnit.FactoryTestIntance -->
    </test> <!-- test5 -->
    <test name="test6" duration-ms="3" started-at="2019-01-17T08:32:36Z" finished-at="2019-01-17T08:32:36Z">
      <class name="io.choerodon.testng.testUnit.AnnotationTest">
        <test-method status="PASS" signature="beforeSuiteTest()[pri:0, instance:io.choerodon.testng.testUnit.AnnotationTest@351d0846]" name="beforeSuiteTest" is-config="true" duration-ms="0" started-at="2019-01-17T16:32:36Z" finished-at="2019-01-17T16:32:36Z">
          <reporter-output>
          </reporter-output>
        </test-method> <!-- beforeSuiteTest -->
        <test-method status="PASS" signature="afterSuiteTest()[pri:0, instance:io.choerodon.testng.testUnit.AnnotationTest@351d0846]" name="afterSuiteTest" is-config="true" duration-ms="0" started-at="2019-01-17T16:32:36Z" finished-at="2019-01-17T16:32:36Z">
          <reporter-output>
          </reporter-output>
        </test-method> <!-- afterSuiteTest -->
      </class> <!-- io.choerodon.testng.testUnit.AnnotationTest -->
      <class name="io.choerodon.testng.testUnit.ParallelTest">
        <test-method status="PASS" signature="parallelTest2()[pri:0, instance:io.choerodon.testng.testUnit.ParallelTest@7bb58ca3]" name="parallelTest2" duration-ms="1" started-at="2019-01-17T16:32:36Z" finished-at="2019-01-17T16:32:36Z">
          <reporter-output>
          </reporter-output>
        </test-method> <!-- parallelTest2 -->
        <test-method status="PASS" signature="parallelTest1()[pri:0, instance:io.choerodon.testng.testUnit.ParallelTest@7bb58ca3]" name="parallelTest1" duration-ms="1" started-at="2019-01-17T16:32:36Z" finished-at="2019-01-17T16:32:36Z">
          <reporter-output>
          </reporter-output>
        </test-method> <!-- parallelTest1 -->
        <test-method status="PASS" signature="parallelTest3()[pri:0, instance:io.choerodon.testng.testUnit.ParallelTest@7bb58ca3]" name="parallelTest3" duration-ms="0" started-at="2019-01-17T16:32:36Z" finished-at="2019-01-17T16:32:36Z">
          <reporter-output>
          </reporter-output>
        </test-method> <!-- parallelTest3 -->
      </class> <!-- io.choerodon.testng.testUnit.ParallelTest -->
    </test> <!-- test6 -->
  </suite> <!-- suite2 -->
  <suite name="suite1" duration-ms="48" started-at="2019-01-17T08:32:36Z" finished-at="2019-01-17T08:32:36Z">
    <groups>
      <group name="linux">
        <method signature="GroupTest.groupTest1()[pri:0, instance:io.choerodon.testng.testUnit.GroupTest@525b461a]" name="groupTest1" class="io.choerodon.testng.testUnit.GroupTest"/>
        <method signature="GroupTest.groupTest3(java.lang.String)[pri:0, instance:io.choerodon.testng.testUnit.GroupTest@525b461a]" name="groupTest3" class="io.choerodon.testng.testUnit.GroupTest"/>
      </group> <!-- linux -->
      <group name="windows">
        <method signature="GroupTest.groupTest1()[pri:0, instance:io.choerodon.testng.testUnit.GroupTest@525b461a]" name="groupTest1" class="io.choerodon.testng.testUnit.GroupTest"/>
      </group> <!-- windows -->
    </groups>
    <test name="test1" duration-ms="20" started-at="2019-01-17T08:32:36Z" finished-at="2019-01-17T08:32:36Z">
      <class name="io.choerodon.testng.testUnit.UnitTest">
        <test-method status="PASS" signature="isEmpty()[pri:0, instance:io.choerodon.testng.testUnit.UnitTest@516be40f]" name="isEmpty" duration-ms="5" started-at="2019-01-17T16:32:36Z" finished-at="2019-01-17T16:32:36Z">
          <reporter-output>
          </reporter-output>
        </test-method> <!-- isEmpty -->
        <test-method status="PASS" signature="trim()[pri:0, instance:io.choerodon.testng.testUnit.UnitTest@516be40f]" name="trim" duration-ms="0" started-at="2019-01-17T16:32:36Z" finished-at="2019-01-17T16:32:36Z">
          <reporter-output>
          </reporter-output>
        </test-method> <!-- trim -->
      </class> <!-- io.choerodon.testng.testUnit.UnitTest -->
    </test> <!-- test1 -->
    <test name="test2" duration-ms="2" started-at="2019-01-17T08:32:36Z" finished-at="2019-01-17T08:32:36Z">
      <class name="io.choerodon.testng.testApi.ApiTest">
        <test-method status="FAIL" signature="userSelf()[pri:0, instance:io.choerodon.testng.testApi.ApiTest@6b1274d2]" name="userSelf" duration-ms="0" started-at="2019-01-17T16:32:36Z" description="登录后测试userSelf" finished-at="2019-01-17T16:32:36Z">
          <exception class="java.lang.NullPointerException">
            <full-stacktrace>
              <![CDATA[java.lang.NullPointerException
	at io.choerodon.testng.testApi.ApiTest.userSelf(ApiTest.java:25)
	at sun.reflect.NativeMethodAccessorImpl.invoke0(Native Method)
	at sun.reflect.NativeMethodAccessorImpl.invoke(NativeMethodAccessorImpl.java:62)
	at sun.reflect.DelegatingMethodAccessorImpl.invoke(DelegatingMethodAccessorImpl.java:43)
	at java.lang.reflect.Method.invoke(Method.java:498)
	at org.testng.internal.MethodInvocationHelper.invokeMethod(MethodInvocationHelper.java:108)
	at org.testng.internal.Invoker.invokeMethod(Invoker.java:661)
	at org.testng.internal.Invoker.invokeTestMethod(Invoker.java:869)
	at org.testng.internal.Invoker.invokeTestMethods(Invoker.java:1193)
	at org.testng.internal.TestMethodWorker.invokeTestMethods(TestMethodWorker.java:126)
	at org.testng.internal.TestMethodWorker.run(TestMethodWorker.java:109)
	at org.testng.TestRunner.privateRun(TestRunner.java:744)
	at org.testng.TestRunner.run(TestRunner.java:602)
	at org.testng.SuiteRunner.runTest(SuiteRunner.java:380)
	at org.testng.SuiteRunner.runSequentially(SuiteRunner.java:375)
	at org.testng.SuiteRunner.privateRun(SuiteRunner.java:340)
	at org.testng.SuiteRunner.run(SuiteRunner.java:289)
	at org.testng.SuiteRunnerWorker.runSuite(SuiteRunnerWorker.java:52)
	at org.testng.SuiteRunnerWorker.run(SuiteRunnerWorker.java:86)
	at org.testng.TestNG.runSuitesSequentially(TestNG.java:1301)
	at org.testng.TestNG.runSuitesSequentially(TestNG.java:1297)
	at org.testng.TestNG.runSuitesLocally(TestNG.java:1226)
	at org.testng.TestNG.runSuites(TestNG.java:1144)
	at org.testng.TestNG.run(TestNG.java:1115)
	at io.choerodon.TestNgApplication.main(TestNgApplication.java:29)
	at sun.reflect.NativeMethodAccessorImpl.invoke0(Native Method)
	at sun.reflect.NativeMethodAccessorImpl.invoke(NativeMethodAccessorImpl.java:62)
	at sun.reflect.DelegatingMethodAccessorImpl.invoke(DelegatingMethodAccessorImpl.java:43)
	at java.lang.reflect.Method.invoke(Method.java:498)
	at org.springframework.boot.loader.MainMethodRunner.run(MainMethodRunner.java:48)
	at org.springframework.boot.loader.Launcher.launch(Launcher.java:87)
	at org.springframework.boot.loader.Launcher.launch(Launcher.java:50)
	at org.springframework.boot.loader.JarLauncher.main(JarLauncher.java:51)
]]>
            </full-stacktrace>
          </exception> <!-- java.lang.NullPointerException -->
          <reporter-output>
            <line>
              <![CDATA[输入参数：1]]>
            </line>
          </reporter-output>
        </test-method> <!-- userSelf -->
      </class> <!-- io.choerodon.testng.testApi.ApiTest -->
    </test> <!-- test2 -->
    <test name="test3" duration-ms="5" started-at="2019-01-17T08:32:36Z" finished-at="2019-01-17T08:32:36Z">
      <class name="io.choerodon.testng.testUnit.GroupTest">
        <test-method status="PASS" signature="groupTest1()[pri:0, instance:io.choerodon.testng.testUnit.GroupTest@525b461a]" name="groupTest1" duration-ms="1" started-at="2019-01-17T16:32:36Z" finished-at="2019-01-17T16:32:36Z">
          <reporter-output>
          </reporter-output>
        </test-method> <!-- groupTest1 -->
        <test-method status="PASS" signature="groupTest3(java.lang.String)[pri:0, instance:io.choerodon.testng.testUnit.GroupTest@525b461a]" name="groupTest3" duration-ms="0" started-at="2019-01-17T16:32:36Z" finished-at="2019-01-17T16:32:36Z">
          <params>
            <param index="0">
              <value>
                <![CDATA[mysql]]>
              </value>
            </param>
          </params>
          <reporter-output>
          </reporter-output>
        </test-method> <!-- groupTest3 -->
      </class> <!-- io.choerodon.testng.testUnit.GroupTest -->
    </test> <!-- test3 -->
  </suite> <!-- suite1 -->
  <suite name="-" duration-ms="0" started-at="2019-01-17T08:32:36Z" finished-at="2019-01-17T08:32:36Z">
    <groups>
    </groups>
  </suite> <!-- - -->
</testng-results>
